<?xml version="1.0" encoding="UTF-8"?>
<testng-results skipped="0" failed="0" total="1" passed="1">
  <reporter-output>
  </reporter-output>
  <suite name="Suite" duration-ms="62587" started-at="2021-05-09T15:17:47Z" finished-at="2021-05-09T15:18:49Z">
    <groups>
    </groups>
    <test name="Test" duration-ms="62587" started-at="2021-05-09T15:17:47Z" finished-at="2021-05-09T15:18:49Z">
      <class name="com.test.Runners.WeatherFeatureRunner">
        <test-method status="PASS" signature="runCukes()[pri:0, instance:com.test.Runners.WeatherFeatureRunner@2acf57e3]" name="runCukes" duration-ms="62557" started-at="2021-05-09T20:47:47Z" finished-at="2021-05-09T20:48:49Z">
          <reporter-output>
          </reporter-output>
        </test-method> <!-- runCukes -->
      </class> <!-- com.test.Runners.WeatherFeatureRunner -->
    </test> <!-- Test -->
  </suite> <!-- Suite -->
</testng-results>
